VirtualBox COM Server 5.2.18 r124319 win.amd64 (Aug 14 2018 12:39:01) release log
00:00:00.014322 main     Log opened 2019-04-20T06:47:35.716425000Z
00:00:00.014322 main     Build Type: release
00:00:00.014322 main     OS Product: Windows 10
00:00:00.014322 main     OS Release: 10.0.17763
00:00:00.014322 main     OS Service Pack: 
00:00:00.101873 main     DMI Product Name: 2349TFF
00:00:00.115554 main     DMI Product Version: ThinkPad T430
00:00:00.115554 main     Host RAM: 7889MB (7.7GB) total, 3473MB (3.3GB) available
00:00:00.115554 main     Executable: C:\Program Files\Oracle\VirtualBox\VBoxSVC.exe
00:00:00.115554 main     Process ID: 18996
00:00:00.115554 main     Package type: WINDOWS_64BITS_GENERIC
00:00:00.118550          VirtualBox: object creation starts
00:00:00.119550          Home directory: 'C:\Users\ADMIN\.VirtualBox'
00:00:00.119550          Installed Drivers:
00:00:00.124546            C:\Windows\system32\DRIVERS\VBoxNetLwf.sys (Version: 5.2.18.24319)
00:00:00.125548            C:\Windows\system32\DRIVERS\VBoxUSBMon.sys (Version: 5.2.18.24319)
00:00:00.126546            C:\Windows\system32\DRIVERS\VBoxDrv.sys (Version: 5.2.18.24319)
00:00:00.128547            C:\Windows\system32\DRIVERS\VBoxNetAdp6.sys (Version: 5.2.18.24319)
00:00:00.130545          Loading settings file "C:\Users\ADMIN\.VirtualBox\VirtualBox.xml" with version "1.12-windows"
00:00:00.133495          Getting USB descriptor failed with error 31
00:00:00.140255          USB: Unknown USB device detected (idVendor: 0x5986, idProduct: 0x02d5)
00:00:00.374361          HostDnsMonitor: old information
00:00:00.374361            no server entries
00:00:00.374361            no domain set
00:00:00.374361            no search string entries
00:00:00.374361          HostDnsMonitor: new information
00:00:00.374361            server 1: 192.168.1.1
00:00:00.374361            domain: domain.name
00:00:00.374361            no search string entries
00:00:00.374361          HostDnsMonitorProxy::notify
00:00:00.437433          SUPR0QueryVTCaps -> VERR_VMX_MSR_ALL_VMX_DISABLED
00:00:00.438433          VD: VDInit finished with VINF_SUCCESS
00:00:00.439433          Loading settings file "C:\Users\ADMIN\VirtualBox VMs\DC\DC.vbox" with version "1.15-windows"
00:00:00.440432          Loading settings file "C:\Users\ADMIN\VirtualBox VMs\DCCONNECT\DCCONNECT.vbox" with version "1.15-windows"
00:00:00.441432          VirtualBox: object created
00:00:04.199260          Saving settings file "C:\Users\ADMIN\.VirtualBox\VirtualBox.xml" with version "1.12-windows"
00:00:04.237194          Saving settings file "C:\Users\ADMIN\.VirtualBox\VirtualBox.xml" with version "1.12-windows"
00:00:05.092487          Saving settings file "C:\Users\ADMIN\.VirtualBox\VirtualBox.xml" with version "1.12-windows"
00:00:05.183374          Saving settings file "C:\Users\ADMIN\.VirtualBox\VirtualBox.xml" with version "1.12-windows"
00:00:10.732742 main     VirtualBox: object deletion starts
00:00:10.732742 main     ERROR [COM]: aRC=VBOX_E_OBJECT_IN_USE (0x80bb000c) aIID={4afe423b-43e0-e9d0-82e8-ceb307940dda} aComponent={MediumWrap} aText={Medium 'E:\DERIVATIVES CONNECT\DC.vdi' cannot be closed because it is still attached to 1 virtual machines}, preserve=false aResultDetail=0
00:00:10.733748 main     ERROR [COM]: aRC=VBOX_E_OBJECT_IN_USE (0x80bb000c) aIID={4afe423b-43e0-e9d0-82e8-ceb307940dda} aComponent={MediumWrap} aText={Medium 'E:\DERIVATIVES CONNECT\DCUbuntu.vdi' cannot be closed because it is still attached to 1 virtual machines}, preserve=false aResultDetail=0
00:00:10.742210 Watcher  ERROR [COM]: aRC=E_ACCESSDENIED (0x80070005) aIID={9570b9d5-f1a1-448a-10c5-e12f5285adad} aComponent={VirtualBoxWrap} aText={The object is not ready}, preserve=false aResultDetail=0
00:00:10.742210 main     VirtualBox: object deleted
